Using pre-set license

 COMMAND LINE ARGUMENTS:
/Users/f.seiler/Applications/2021.1.1f1/Unity.app/Contents/MacOS/Unity
-adb2
-batchMode
-noUpm
-name
AssetImportWorker0
-projectPath
/Users/f.seiler/Documents/Development/Unity/Selfdriving_Cars/Selfdriving_Cars
-logFile
Logs/AssetImportWorker0.log
-srvPort
61065
Successfully changed project path to: /Users/f.seiler/Documents/Development/Unity/Selfdriving_Cars/Selfdriving_Cars
/Users/f.seiler/Documents/Development/Unity/Selfdriving_Cars/Selfdriving_Cars
Using Asset Import Pipeline V2.
Refreshing native plugins compatible for Editor in 120.47 ms, found 2 plugins.
Preloading 0 native plugins for Editor in 0.00 ms.
Initialize engine version: 2021.1.1f1 (6fdc41dfa55a)
[Subsystems] Discovering subsystems at path /Users/f.seiler/Applications/2021.1.1f1/Unity.app/Contents/Resources/UnitySubsystems
[Subsystems] Discovering subsystems at path /Users/f.seiler/Documents/Development/Unity/Selfdriving_Cars/Selfdriving_Cars/Assets
GfxDevice: creating device client; threaded=0; jobified=0
2021-04-08 14:21:00.165 Unity[37739:1949208] LG ULTRAWIDE preferred device: Intel(R) Iris(TM) Plus Graphics 655 (low power)
2021-04-08 14:21:00.165 Unity[37739:1949208] Metal devices available: 1
2021-04-08 14:21:00.165 Unity[37739:1949208] 0: Intel(R) Iris(TM) Plus Graphics 655 (low power)
2021-04-08 14:21:00.166 Unity[37739:1949208] Using device Intel(R) Iris(TM) Plus Graphics 655 (low power)
Initializing Metal device caps: Intel(R) Iris(TM) Plus Graphics 655
Initialize mono
Mono path[0] = '/Users/f.seiler/Applications/2021.1.1f1/Unity.app/Contents/Managed'
Mono path[1] = '/Users/f.seiler/Applications/2021.1.1f1/Unity.app/Contents/MonoBleedingEdge/lib/mono/unityjit'
Mono config path = '/Users/f.seiler/Applications/2021.1.1f1/Unity.app/Contents/MonoBleedingEdge/etc'
Using monoOptions --debugger-agent=transport=dt_socket,embedding=1,server=y,suspend=n,address=127.0.0.1:56739
Begin MonoManager ReloadAssembly
Registering precompiled unity dll's ...
Register platform support module: /Users/f.seiler/Applications/2021.1.1f1/Unity.app/Contents/PlaybackEngines/MacStandaloneSupport/UnityEditor.OSXStandalone.Extensions.dll
Registered in 0.001485 seconds.
Native extension for OSXStandalone target not found
Refreshing native plugins compatible for Editor in 121.88 ms, found 2 plugins.
Preloading 0 native plugins for Editor in 0.00 ms.
Mono: successfully reloaded assembly
- Completed reload, in  4.792 seconds
Platform modules already initialized, skipping
Registering precompiled user dll's ...
Registered in 0.008071 seconds.
Begin MonoManager ReloadAssembly
Native extension for OSXStandalone target not found
Refreshing native plugins compatible for Editor in 119.50 ms, found 2 plugins.
Preloading 0 native plugins for Editor in 0.00 ms.
Mono: successfully reloaded assembly
- Completed reload, in  2.035 seconds
Platform modules already initialized, skipping
========================================================================
Worker process is ready to serve import requests
Launching external process: /Users/f.seiler/Applications/2021.1.1f1/Unity.app/Contents/Tools/UnityShaderCompiler
Launched and connected shader compiler UnityShaderCompiler after 0.06 seconds
Refreshing native plugins compatible for Editor in 0.80 ms, found 2 plugins.
Preloading 0 native plugins for Editor in 0.00 ms.
Unloading 3373 Unused Serialized files (Serialized files now loaded: 0)
System memory in use before: 204.6 MB.
System memory in use after: 204.7 MB.

Unloading 29 unused Assets to reduce memory usage. Loaded Objects now: 3827.
Total: 3.302630 ms (FindLiveObjects: 0.285494 ms CreateObjectMapping: 0.249429 ms MarkObjects: 2.620713 ms  DeleteObjects: 0.145762 ms)

========================================================================
Received Import Request.
  path: Assets/Prefabs/Capsule.prefab
  artifactKey: Guid(8c06cdc5859fc4d30b16cb8815a4f3c1) Importer(815301076,1909f56bfc062723c751e8b465ee728b)
Start importing Assets/Prefabs/Capsule.prefab using Guid(8c06cdc5859fc4d30b16cb8815a4f3c1) Importer(815301076,1909f56bfc062723c751e8b465ee728b)  -> (artifact id: '37932fbc9e57a69057b1b95bc20a0356') in 0.498561 seconds 
